#
# A fatal error has been detected by the Java Runtime Environment:
#
#  EXCEPTION_ACCESS_VIOLATION (0xc0000005) at pc=0x00007ff843a71cd4, pid=6660, tid=1088
#
# JRE version: 7.0_17-b02
# Java VM: Java HotSpot(TM) 64-Bit Server VM (23.7-b01 mixed mode windows-amd64 compressed oops)
# Problematic frame:
# C  [msvcrt.dll+0x1cd4]  operator delete[]+0x0
#
# Failed to write core dump. Minidumps are not enabled by default on client versions of Windows
#
# If you would like to submit a bug report, please visit:
#   http://bugreport.sun.com/bugreport/crash.jsp
# The crash happened outside the Java Virtual Machine in native code.
# See problematic frame for where to report the bug.
#

---------------  T H R E A D  ---------------

Current thread (0x0000000030537000):  JavaThread "Swing-Shell" daemon [_thread_in_native, id=1088, stack(0x0000000036d90000,0x0000000037090000)]

siginfo: ExceptionCode=0xc0000005, writing address 0x0000000000000000

Registers:
RAX=0x0000000000000000, RBX=0x0000000000000000, RCX=0x0000000000000000, RDX=0x0000000000000001
RSP=0x000000003708ee58, RBP=0x0000000000000000, RSI=0x0000000000000002, RDI=0x0000000000000000
R8 =0x000000000000097a, R9 =0x000000000000093d, R10=0x00007ff8441e56e0, R11=0x000000003708ecf0
R12=0x0000000000000005, R13=0x00007ff8327bb070, R14=0x000000002c310280, R15=0x00007ff8327bb070
RIP=0x00007ff843a71cd4, EFLAGS=0x0000000000010246

Top of Stack: (sp=0x000000003708ee58)
0x000000003708ee58:   00007ff8327b32a7 00007ff8327bb070
0x000000003708ee68:   000000002c310280 00007ff8327bb070
0x000000003708ee78:   00000000304e3e50 0000000000000004
0x000000003708ee88:   000000002e3d905c 00007ff8327bb070
0x000000003708ee98:   000000003708ef60 0000000000000002
0x000000003708eea8:   00007ff8327b3c66 000000002c310280
0x000000003708eeb8:   0000000000001f40 000000003708efc9
0x000000003708eec8:   00007ff8327bc3c0 0000000000000002
0x000000003708eed8:   00007ff8327b3416 000000003708ef80
0x000000003708eee8:   0000000032e31300 0000000000000000
0x000000003708eef8:   0000000000000000 00007ff832781ce8
0x000000003708ef08:   00007ff8327bb070 0000000000000000
0x000000003708ef18:   000000003708f090 0000000000000005
0x000000003708ef28:   00007ff832795cc3 0000000032e31358
0x000000003708ef38:   0000000032e31358 0000000032e31300
0x000000003708ef48:   0000000032e31358 00007ff83278b7b0 

Instructions: (pc=0x00007ff843a71cd4)
0x00007ff843a71cb4:   33 d2 ff 15 fc b5 09 00 85 c0 75 d0 e9 4c d5 03
0x00007ff843a71cc4:   00 cc 90 90 90 90 90 90 48 b8 60 81 91 0a 00 00
0x00007ff843a71cd4:   00 00 ff e0 91 0a 00 00 00 00 ff e0 48 b8 60 73
0x00007ff843a71ce4:   91 0a 00 00 00 00 ff e0 83 ec 20 48 83 3d c9 d3 


Register to memory mapping:

RAX=0x0000000000000000 is an unknown value
RBX=0x0000000000000000 is an unknown value
RCX=0x0000000000000000 is an unknown value
RDX=0x0000000000000001 is an unknown value
RSP=0x000000003708ee58 is pointing into the stack for thread: 0x0000000030537000
RBP=0x0000000000000000 is an unknown value
RSI=0x0000000000000002 is an unknown value
RDI=0x0000000000000000 is an unknown value
R8 =0x000000000000097a is an unknown value
R9 =0x000000000000093d is an unknown value
R10=0x00007ff8441e56e0 is an unknown value
R11=0x000000003708ecf0 is pointing into the stack for thread: 0x0000000030537000
R12=0x0000000000000005 is an unknown value
R13=0x00007ff8327bb070 is an unknown value
R14=0x000000002c310280 is an unknown value
R15=0x00007ff8327bb070 is an unknown value


Stack: [0x0000000036d90000,0x0000000037090000],  sp=0x000000003708ee58,  free space=3067k
Native frames: (J=compiled Java code, j=interpreted, Vv=VM code, C=native code)
C  [msvcrt.dll+0x1cd4]  operator delete[]+0x0

[error occurred during error reporting (printing native stack), id 0xc0000005]

Java frames: (J=compiled Java code, j=interpreted, Vv=VM code)
j  sun.awt.shell.Win32ShellFolder2.getNextChild(J)J+0
j  sun.awt.shell.Win32ShellFolder2.access$1100(Lsun/awt/shell/Win32ShellFolder2;J)J+2
j  sun.awt.shell.Win32ShellFolder2$9.call()[Ljava/io/File;+94
j  sun.awt.shell.Win32ShellFolder2$9.call()Ljava/lang/Object;+1
j  java.util.concurrent.FutureTask$Sync.innerRun()V+29
j  java.util.concurrent.FutureTask.run()V+4
j  java.util.concurrent.ThreadPoolExecutor.runWorker(Ljava/util/concurrent/ThreadPoolExecutor$Worker;)V+95
j  java.util.concurrent.ThreadPoolExecutor$Worker.run()V+5
j  sun.awt.shell.Win32ShellFolderManager2$ComInvoker$3.run()V+7
j  java.lang.Thread.run()V+11
v  ~StubRoutines::call_stub

---------------  P R O C E S S  ---------------

Java Threads: ( => current thread )
=>0x0000000030537000 JavaThread "Swing-Shell" daemon [_thread_in_native, id=1088, stack(0x0000000036d90000,0x0000000037090000)]
  0x00000000323c2000 JavaThread "HFileChooser Load File/Folder Choosers Thread" [_thread_blocked, id=3200, stack(0x0000000036a90000,0x0000000036d90000)]
  0x0000000034ef1000 JavaThread "Monitor File Timestamp" [_thread_blocked, id=488, stack(0x0000000036490000,0x0000000036790000)]
  0x000000002b086800 JavaThread "Image Fetcher 3" daemon [_thread_blocked, id=864, stack(0x0000000030e90000,0x0000000031190000)]
  0x000000002b088000 JavaThread "Image Fetcher 2" daemon [_thread_blocked, id=6276, stack(0x0000000030a90000,0x0000000030d90000)]
  0x000000002b089800 JavaThread "Image Fetcher 1" daemon [_thread_blocked, id=1532, stack(0x0000000030590000,0x0000000030890000)]
  0x000000002c340800 JavaThread "D3D Screen Updater" daemon [_thread_blocked, id=7060, stack(0x000000002ede0000,0x000000002f0e0000)]
  0x000000002b660800 JavaThread "Image Fetcher 0" daemon [_thread_blocked, id=3648, stack(0x000000002ad00000,0x000000002b000000)]
  0x00000000059af000 JavaThread "AWT-EventQueue-1" [_thread_in_Java, id=3268, stack(0x000000002bd00000,0x000000002c000000)]
  0x00000000059a7000 JavaThread "Process Messages" [_thread_blocked, id=6140, stack(0x000000002ba00000,0x000000002bd00000)]
  0x0000000005994000 JavaThread "Thread-3" [_thread_blocked, id=7092, stack(0x0000000003b10000,0x0000000004f10000)]
  0x0000000029b57000 JavaThread "AWT-EventQueue-0" [_thread_blocked, id=5616, stack(0x000000002b700000,0x000000002ba00000)]
  0x0000000027b60800 JavaThread "AWT-Windows" daemon [_thread_in_native, id=3284, stack(0x00000000296d0000,0x00000000299d0000)]
  0x0000000027b6d800 JavaThread "AWT-Shutdown" [_thread_blocked, id=3968, stack(0x00000000293d0000,0x00000000296d0000)]
  0x0000000027b61800 JavaThread "Java2D Disposer" daemon [_thread_blocked, id=2144, stack(0x00000000290d0000,0x00000000293d0000)]
  0x0000000028690800 JavaThread "TimerQueue" daemon [_thread_blocked, id=4084, stack(0x0000000028cd0000,0x0000000028fd0000)]
  0x0000000026110800 JavaThread "Service Thread" daemon [_thread_blocked, id=7100, stack(0x0000000027570000,0x0000000027870000)]
  0x0000000026085000 JavaThread "C1 CompilerThread2" daemon [_thread_in_native, id=6412, stack(0x0000000027470000,0x0000000027570000)]
  0x0000000026081000 JavaThread "C2 CompilerThread1" daemon [_thread_blocked, id=4232, stack(0x0000000027370000,0x0000000027470000)]
  0x00000000214f1000 JavaThread "C2 CompilerThread0" daemon [_thread_in_native, id=7116, stack(0x0000000027270000,0x0000000027370000)]
  0x0000000026071800 JavaThread "Attach Listener" daemon [_thread_blocked, id=5720, stack(0x0000000026f70000,0x0000000027270000)]
  0x00000000265b2000 JavaThread "Signal Dispatcher" daemon [_thread_blocked, id=2896, stack(0x0000000026c70000,0x0000000026f70000)]
  0x00000000265b4000 JavaThread "Surrogate Locker Thread (Concurrent GC)" daemon [_thread_blocked, id=6496, stack(0x0000000026970000,0x0000000026c70000)]
  0x0000000021515800 JavaThread "Finalizer" daemon [_thread_blocked, id=1700, stack(0x0000000026670000,0x0000000026970000)]
  0x0000000021517000 JavaThread "Reference Handler" daemon [_thread_blocked, id=3752, stack(0x0000000026270000,0x0000000026570000)]
  0x000000001a3cb000 JavaThread "main" [_thread_blocked, id=3456, stack(0x000000001a590000,0x000000001a690000)]

Other Threads:
  0x00000000214c2000 VMThread [stack: 0x0000000026170000,0x0000000026270000] [id=5244]
  0x00000000265e7800 WatcherThread [stack: 0x0000000027870000,0x0000000027970000] [id=2312]

VM state:not at safepoint (normal execution)

VM Mutex/Monitor currently owned by a thread: None

Heap
 par new generation   total 55296K, used 28847K [0x0000000778000000, 0x000000077bc00000, 0x000000077bc00000)
  eden space 49152K,  46% used [0x0000000778000000, 0x000000077962bd18, 0x000000077b000000)
  from space 6144K, 100% used [0x000000077b000000, 0x000000077b600000, 0x000000077b600000)
  to   space 6144K,   0% used [0x000000077b600000, 0x000000077b600000, 0x000000077bc00000)
 concurrent mark-sweep generation total 69632K, used 12235K [0x000000077bc00000, 0x0000000780000000, 0x00000007f8000000)
 concurrent-mark-sweep perm gen total 131072K, used 29129K [0x00000007f8000000, 0x0000000800000000, 0x0000000800000000)

Card table byte_map: [0x0000000020c30000,0x0000000021080000] byte_map_base: 0x000000001d070000

Polling page: 0x000000001a690000

Code Cache  [0x000000001a6b0000, 0x000000001add0000, 0x00000000206b0000)
 total_blobs=2544 nmethods=1923 adapters=536 free_code_cache=91096Kb largest_free_block=93231872

Compilation events (10 events):
Event: 7.370 Thread 0x0000000026081000 nmethod 2234 0x000000001ada7350 code [0x000000001ada7480, 0x000000001ada7518]
Event: 7.370 Thread 0x0000000026085000 nmethod 2235 0x000000001a98e650 code [0x000000001a98e7a0, 0x000000001a98e990]
Event: 7.371 Thread 0x0000000026085000 2236       3       com.jidesoft.swing.JideBoxLayout::getPreferredSizeOfComponent (9 bytes)
Event: 7.372 Thread 0x0000000026081000 2237       4       java.lang.String::<init> (15 bytes)
Event: 7.372 Thread 0x0000000026085000 nmethod 2236 0x000000001a8edbd0 code [0x000000001a8edd60, 0x000000001a8ee0d8]
Event: 7.372 Thread 0x0000000026081000 nmethod 2237 0x000000001adaa090 code [0x000000001adaa1c0, 0x000000001adaa238]
Event: 7.373 Thread 0x0000000026085000 2238   !   3       sun.awt.PostEventQueue::flush (84 bytes)
Event: 7.373 Thread 0x0000000026085000 nmethod 2238 0x000000001a8ed210 code [0x000000001a8ed3a0, 0x000000001a8ed978]
Event: 7.375 Thread 0x0000000026085000 2239       3       java.awt.Rectangle::setBounds (21 bytes)
Event: 7.375 Thread 0x0000000026085000 nmethod 2239 0x000000001aa99510 code [0x000000001aa99680, 0x000000001aa998f0]

GC Heap History (4 events):
Event: 4.916 GC heap before
{Heap before GC invocations=0 (full 0):
 par new generation   total 55296K, used 49152K [0x0000000778000000, 0x000000077bc00000, 0x000000077bc00000)
  eden space 49152K, 100% used [0x0000000778000000, 0x000000077b000000, 0x000000077b000000)
  from space 6144K,   0% used [0x000000077b000000, 0x000000077b000000, 0x000000077b600000)
  to   space 6144K,   0% used [0x000000077b600000, 0x000000077b600000, 0x000000077bc00000)
 concurrent mark-sweep generation total 69632K, used 0K [0x000000077bc00000, 0x0000000780000000, 0x00000007f8000000)
 concurrent-mark-sweep perm gen total 131072K, used 13355K [0x00000007f8000000, 0x0000000800000000, 0x0000000800000000)
Event: 4.924 GC heap after
Heap after GC invocations=1 (full 0):
 par new generation   total 55296K, used 6143K [0x0000000778000000, 0x000000077bc00000, 0x000000077bc00000)
  eden space 49152K,   0% used [0x0000000778000000, 0x0000000778000000, 0x000000077b000000)
  from space 6144K,  99% used [0x000000077b600000, 0x000000077bbffff8, 0x000000077bc00000)
  to   space 6144K,   0% used [0x000000077b000000, 0x000000077b000000, 0x000000077b600000)
 concurrent mark-sweep generation total 69632K, used 1227K [0x000000077bc00000, 0x0000000780000000, 0x00000007f8000000)
 concurrent-mark-sweep perm gen total 131072K, used 13355K [0x00000007f8000000, 0x0000000800000000, 0x0000000800000000)
}
Event: 6.604 GC heap before
{Heap before GC invocations=1 (full 0):
 par new generation   total 55296K, used 55295K [0x0000000778000000, 0x000000077bc00000, 0x000000077bc00000)
  eden space 49152K, 100% used [0x0000000778000000, 0x000000077b000000, 0x000000077b000000)
  from space 6144K,  99% used [0x000000077b600000, 0x000000077bbffff8, 0x000000077bc00000)
  to   space 6144K,   0% used [0x000000077b000000, 0x000000077b000000, 0x000000077b600000)
 concurrent mark-sweep generation total 69632K, used 1227K [0x000000077bc00000, 0x0000000780000000, 0x00000007f8000000)
 concurrent-mark-sweep perm gen total 131072K, used 23439K [0x00000007f8000000, 0x0000000800000000, 0x0000000800000000)
Event: 6.641 GC heap after
Heap after GC invocations=2 (full 0):
 par new generation   total 55296K, used 6144K [0x0000000778000000, 0x000000077bc00000, 0x000000077bc00000)
  eden space 49152K,   0% used [0x0000000778000000, 0x0000000778000000, 0x000000077b000000)
  from space 6144K, 100% used [0x000000077b000000, 0x000000077b600000, 0x000000077b600000)
  to   space 6144K,   0% used [0x000000077b600000, 0x000000077b600000, 0x000000077bc00000)
 concurrent mark-sweep generation total 69632K, used 12235K [0x000000077bc00000, 0x0000000780000000, 0x00000007f8000000)
 concurrent-mark-sweep perm gen total 131072K, used 23439K [0x00000007f8000000, 0x0000000800000000, 0x0000000800000000)
}

Deoptimization events (10 events):
Event: 6.869 Thread 0x00000000323c2000 Uncommon trap -58 fr.pc 0x000000001aaeba9c
Event: 6.869 Thread 0x00000000323c2000 Uncommon trap -58 fr.pc 0x000000001aad80d0
Event: 6.945 Thread 0x00000000323c2000 Uncommon trap 668 fr.pc 0x000000001ac168dc
Event: 7.026 Thread 0x00000000059af000 Uncommon trap -83 fr.pc 0x000000001abcb188
Event: 7.080 Thread 0x00000000323c2000 Uncommon trap -34 fr.pc 0x000000001a8a3d88
Event: 7.127 Thread 0x00000000323c2000 Uncommon trap -34 fr.pc 0x000000001a8a3d88
Event: 7.252 Thread 0x00000000059af000 Uncommon trap -83 fr.pc 0x000000001a80f1b0
Event: 7.258 Thread 0x00000000323c2000 Uncommon trap -34 fr.pc 0x000000001a8a3d88
Event: 7.258 Thread 0x00000000059af000 Uncommon trap -83 fr.pc 0x000000001a9d3308
Event: 7.322 Thread 0x00000000323c2000 Uncommon trap 45 fr.pc 0x000000001ac68d48

Internal exceptions (10 events):
Event: 7.293 Thread 0x00000000059af000 Threw 0x00000007794de8d0 at C:\jdk7u2_64p\jdk7u17\hotspot\src\share\vm\prims\jvm.cpp:1166
Event: 7.293 Thread 0x00000000323c2000 Threw 0x000000077953b7a8 at C:\jdk7u2_64p\jdk7u17\hotspot\src\share\vm\prims\jvm.cpp:1166
Event: 7.293 Thread 0x00000000059af000 Threw 0x00000007794e1590 at C:\jdk7u2_64p\jdk7u17\hotspot\src\share\vm\prims\jvm.cpp:1166
Event: 7.294 Thread 0x00000000059af000 Threw 0x00000007794e42d8 at C:\jdk7u2_64p\jdk7u17\hotspot\src\share\vm\prims\jvm.cpp:1166
Event: 7.294 Thread 0x00000000059af000 Threw 0x00000007794e8d40 at C:\jdk7u2_64p\jdk7u17\hotspot\src\share\vm\prims\jvm.cpp:1166
Event: 7.294 Thread 0x00000000059af000 Threw 0x00000007794eae30 at C:\jdk7u2_64p\jdk7u17\hotspot\src\share\vm\prims\jvm.cpp:1166
Event: 7.295 Thread 0x00000000059af000 Threw 0x00000007794eca60 at C:\jdk7u2_64p\jdk7u17\hotspot\src\share\vm\prims\jvm.cpp:1166
Event: 7.367 Thread 0x00000000059af000 Threw 0x0000000779578078 at C:\jdk7u2_64p\jdk7u17\hotspot\src\share\vm\prims\jvm.cpp:1166
Event: 7.367 Thread 0x00000000059af000 Threw 0x000000077957a730 at C:\jdk7u2_64p\jdk7u17\hotspot\src\share\vm\prims\jvm.cpp:1166
Event: 7.368 Thread 0x00000000059af000 Threw 0x000000077957cec0 at C:\jdk7u2_64p\jdk7u17\hotspot\src\share\vm\prims\jvm.cpp:1166

Events (10 events):
Event: 7.367 loading class 0x00000000319c5fc0
Event: 7.367 loading class 0x00000000319c5fc0 done
Event: 7.368 loading class 0x00000000319c5fe0
Event: 7.368 loading class 0x00000000319c5fe0 done
Event: 7.369 Executing VM operation: RevokeBias
Event: 7.369 Executing VM operation: RevokeBias done
Event: 7.369 Thread 0x0000000026085000 flushing nmethod 0x000000001aa99510
Event: 7.372 Executing VM operation: RevokeBias
Event: 7.373 Executing VM operation: RevokeBias done
Event: 7.375 Thread 0x0000000026085000 flushing nmethod 0x000000001abe14d0


Dynamic libraries:
0x0000000140000000 - 0x000000014000e000 	D:\Xilinx\14.7\ISE_DS\PlanAhead\bin\unwrapped\win64.o\planAhead.exe
0x00007ff8441e0000 - 0x00007ff84438c000 	C:\Windows\SYSTEM32\ntdll.dll
0x00007ff842170000 - 0x00007ff8422aa000 	C:\Windows\system32\KERNEL32.DLL
0x00007ff841670000 - 0x00007ff84177f000 	C:\Windows\system32\KERNELBASE.dll
0x000000000a900000 - 0x000000000a945000 	D:\Xilinx\14.7\ISE_DS\PlanAhead\lib\win64.o\SHSMP64.dll
0x0000000180000000 - 0x0000000180013000 	D:\Xilinx\14.7\ISE_DS\PlanAhead\lib\win64.o\libboost_signals.dll
0x0000000000370000 - 0x0000000000bf1000 	D:\Xilinx\14.7\ISE_DS\PlanAhead\lib\win64.o\librdi_common.dll
0x00000000001f0000 - 0x0000000000206000 	D:\Xilinx\14.7\ISE_DS\PlanAhead\lib\win64.o\librdi_commonmain.dll
0x0000000000c00000 - 0x0000000000cee000 	D:\Xilinx\14.7\ISE_DS\PlanAhead\lib\win64.o\stlport.5.2.dll
0x00000000732b0000 - 0x0000000073353000 	C:\Windows\WinSxS\amd64_microsoft.vc90.crt_1fc8b3b9a1e18e3b_9.0.30729.8387_none_08e793bfa83a89b5\MSVCR90.dll
0x00007ff843790000 - 0x00007ff843901000 	C:\Windows\system32\USER32.dll
0x00007ff841a60000 - 0x00007ff841b05000 	C:\Windows\system32\ADVAPI32.dll
0x00007ff83efd0000 - 0x00007ff83efda000 	C:\Windows\SYSTEM32\VERSION.dll
0x0000000000cf0000 - 0x0000000000fd9000 	D:\Xilinx\14.7\ISE_DS\PlanAhead\lib\win64.o\libCOIN-all.dll
0x0000000000fe0000 - 0x000000000121a000 	D:\Xilinx\14.7\ISE_DS\PlanAhead\lib\win64.o\libSecurity.dll
0x0000000000240000 - 0x000000000024f000 	D:\Xilinx\14.7\ISE_DS\PlanAhead\lib\win64.o\libboost_date_time.dll
0x0000000001220000 - 0x0000000001247000 	D:\Xilinx\14.7\ISE_DS\PlanAhead\lib\win64.o\libboost_filesystem.dll
0x0000000001250000 - 0x00000000012c1000 	D:\Xilinx\14.7\ISE_DS\PlanAhead\lib\win64.o\libboost_program_options.dll
0x00000000012d0000 - 0x000000000137f000 	D:\Xilinx\14.7\ISE_DS\PlanAhead\lib\win64.o\libboost_regex.dll
0x0000000000250000 - 0x0000000000259000 	D:\Xilinx\14.7\ISE_DS\PlanAhead\lib\win64.o\libboost_system.dll
0x0000000001380000 - 0x0000000001396000 	D:\Xilinx\14.7\ISE_DS\PlanAhead\lib\win64.o\libboost_thread.dll
0x00000000013a0000 - 0x00000000013e3000 	D:\Xilinx\14.7\ISE_DS\PlanAhead\lib\win64.o\libcurl.dll
0x00000000013f0000 - 0x0000000001473000 	D:\Xilinx\14.7\ISE_DS\PlanAhead\lib\win64.o\libhdlpsolve.dll
0x0000000001480000 - 0x0000000001537000 	D:\Xilinx\14.7\ISE_DS\PlanAhead\lib\win64.o\libhdxml.dll
0x0000000001540000 - 0x0000000001a830d3 	D:\Xilinx\14.7\ISE_DS\PlanAhead\lib\win64.o\libisl_iostreams.dll
0x0000000001a90000 - 0x0000000001ab9000 	D:\Xilinx\14.7\ISE_DS\PlanAhead\lib\win64.o\libisl_sysinfo.dll
0x0000000072ab0000 - 0x00000000731cf000 	D:\Xilinx\14.7\ISE_DS\PlanAhead\tps\win64\jre\bin\server\jvm.dll
0x0000000001ac0000 - 0x0000000001ad2000 	D:\Xilinx\14.7\ISE_DS\PlanAhead\lib\win64.o\pthreadVC.dll
0x0000000001ae0000 - 0x0000000001af6000 	D:\Xilinx\14.7\ISE_DS\PlanAhead\lib\win64.o\librdiconfig.dll
0x0000000001b00000 - 0x0000000001b1e000 	D:\Xilinx\14.7\ISE_DS\PlanAhead\lib\win64.o\librdizlib.dll
0x0000000010000000 - 0x000000001012a000 	D:\Xilinx\14.7\ISE_DS\PlanAhead\lib\win64.o\tcl85t.dll
0x0000000012000000 - 0x0000000012282000 	D:\Xilinx\14.7\ISE_DS\PlanAhead\lib\win64.o\xerces-c_3_1.dll
0x00007ff843a60000 - 0x00007ff843a67000 	C:\Windows\system32\PSAPI.DLL
0x00007ff83afc0000 - 0x00007ff83b208000 	C:\Windows\SYSTEM32\WININET.dll
0x00007ff83abc0000 - 0x00007ff83ac85000 	C:\Windows\SYSTEM32\WINHTTP.dll
0x00007ff83b4e0000 - 0x00007ff83b665000 	C:\Windows\SYSTEM32\urlmon.dll
0x00007ff831300000 - 0x00007ff831309000 	C:\Windows\SYSTEM32\WSOCK32.dll
0x00000000731d0000 - 0x00000000732a3000 	C:\Windows\WinSxS\amd64_microsoft.vc90.crt_1fc8b3b9a1e18e3b_9.0.30729.8387_none_08e793bfa83a89b5\MSVCP90.dll
0x00007ff8422b0000 - 0x00007ff8436bf000 	C:\Windows\system32\SHELL32.dll
0x00007ff843910000 - 0x00007ff843a54000 	C:\Windows\system32\GDI32.dll
0x00007ff843a70000 - 0x00007ff843b17000 	C:\Windows\system32\msvcrt.dll
0x00007ff842060000 - 0x00007ff8420b7000 	C:\Windows\SYSTEM32\sechost.dll
0x00007ff843ca0000 - 0x00007ff843dd7000 	C:\Windows\system32\RPCRT4.dll
0x00007ff83ed00000 - 0x00007ff83ed15000 	C:\Windows\SYSTEM32\NETAPI32.dll
0x00007ff8420c0000 - 0x00007ff84215e000 	C:\Windows\system32\COMDLG32.dll
0x00007ff841780000 - 0x00007ff841821000 	C:\Windows\WinSxS\amd64_microsoft.windows.common-controls_6595b64144ccf1df_5.82.9600.16384_none_34a8918f959016ea\COMCTL32.dll
0x00007ff841f90000 - 0x00007ff842051000 	C:\Windows\system32\OLEAUT32.dll
0x00007ff843b20000 - 0x00007ff843c98000 	C:\Windows\system32\ole32.dll
0x00007ff841620000 - 0x00007ff84166c000 	C:\Windows\system32\WINTRUST.dll
0x00007ff841880000 - 0x00007ff841a5f000 	C:\Windows\system32\CRYPT32.dll
0x0000000001bb0000 - 0x0000000001bbc000 	D:\Xilinx\14.7\ISE_DS\PlanAhead\lib\win64.o\libboost_chrono.dll
0x00007ff843de0000 - 0x00007ff843e38000 	C:\Windows\system32\WS2_32.dll
0x00007ff843730000 - 0x00007ff84378c000 	C:\Windows\system32\WLDAP32.dll
0x0000000001bf0000 - 0x0000000001c09000 	D:\Xilinx\14.7\ISE_DS\PlanAhead\lib\win64.o\libboost_iostreams.dll
0x00007ff82b220000 - 0x00007ff82b23f000 	C:\Windows\SYSTEM32\WINMM.dll
0x0000000073db0000 - 0x0000000073e82000 	C:\Windows\SYSTEM32\MSVCR100.dll
0x00007ff83b210000 - 0x00007ff83b4d7000 	C:\Windows\SYSTEM32\iertutil.dll
0x00007ff840c50000 - 0x00007ff840c6e000 	C:\Windows\SYSTEM32\USERENV.dll
0x00007ff841b60000 - 0x00007ff841d36000 	C:\Windows\SYSTEM32\combase.dll
0x00007ff8436d0000 - 0x00007ff843721000 	C:\Windows\system32\SHLWAPI.dll
0x00007ff840be0000 - 0x00007ff840bec000 	C:\Windows\SYSTEM32\netutils.dll
0x00007ff8411b0000 - 0x00007ff8411d5000 	C:\Windows\SYSTEM32\srvcli.dll
0x00007ff83ec40000 - 0x00007ff83ec56000 	C:\Windows\SYSTEM32\wkscli.dll
0x00007ff841600000 - 0x00007ff841612000 	C:\Windows\system32\MSASN1.dll
0x00007ff8436c0000 - 0x00007ff8436c9000 	C:\Windows\system32\NSI.dll
0x00007ff82b1c0000 - 0x00007ff82b1ea000 	C:\Windows\SYSTEM32\WINMMBASE.dll
0x00007ff841550000 - 0x00007ff841564000 	C:\Windows\SYSTEM32\profapi.dll
0x00007ff841830000 - 0x00007ff84187a000 	C:\Windows\SYSTEM32\cfgmgr32.dll
0x00007ff8403b0000 - 0x00007ff8403d6000 	C:\Windows\SYSTEM32\DEVOBJ.dll
0x00007ff83fb50000 - 0x00007ff83fbef000 	C:\Windows\SYSTEM32\SHCORE.DLL
0x00007ff841b20000 - 0x00007ff841b54000 	C:\Windows\system32\IMM32.DLL
0x00007ff8440a0000 - 0x00007ff8441d9000 	C:\Windows\system32\MSCTF.dll
0x0000000004f10000 - 0x0000000005203000 	D:\Xilinx\14.7\ISE_DS\PlanAhead\lib\win64.o\librdi_commontasks.dll
0x0000000006090000 - 0x00000000066d0000 	D:\Xilinx\14.7\ISE_DS\PlanAhead\lib\win64.o\librdi_coretasks.dll
0x00000000066d0000 - 0x0000000006897000 	D:\Xilinx\14.7\ISE_DS\PlanAhead\lib\win64.o\librdi_chipscope.dll
0x00000000068a0000 - 0x00000000078c0000 	D:\Xilinx\14.7\ISE_DS\PlanAhead\lib\win64.o\librdi_constraints.dll
0x00000000078c0000 - 0x0000000008b8c000 	D:\Xilinx\14.7\ISE_DS\PlanAhead\lib\win64.o\librdi_coregen.dll
0x000000000a950000 - 0x000000000dfa1000 	D:\Xilinx\14.7\ISE_DS\PlanAhead\lib\win64.o\librdi_designutils.dll
0x0000000008b90000 - 0x000000000976a000 	D:\Xilinx\14.7\ISE_DS\PlanAhead\lib\win64.o\librdi_device.dll
0x0000000009770000 - 0x0000000009a84000 	D:\Xilinx\14.7\ISE_DS\PlanAhead\lib\win64.o\librdi_drc.dll
0x0000000009a90000 - 0x0000000009d1e000 	D:\Xilinx\14.7\ISE_DS\PlanAhead\lib\win64.o\librdi_filemgmt.dll
0x0000000009d20000 - 0x000000000a0f6000 	D:\Xilinx\14.7\ISE_DS\PlanAhead\lib\win64.o\librdi_netlist.dll
0x000000000dfb0000 - 0x000000000f0d3000 	D:\Xilinx\14.7\ISE_DS\PlanAhead\lib\win64.o\librdi_place.dll
0x000000000a100000 - 0x000000000a622000 	D:\Xilinx\14.7\ISE_DS\PlanAhead\lib\win64.o\librdi_power.dll
0x000000000f0e0000 - 0x000000000f493000 	D:\Xilinx\14.7\ISE_DS\PlanAhead\lib\win64.o\librdi_project.dll
0x000000000f4a0000 - 0x000000000fa3d000 	D:\Xilinx\14.7\ISE_DS\PlanAhead\lib\win64.o\librdi_rsb.dll
0x000000000fa40000 - 0x000000000fe38000 	D:\Xilinx\14.7\ISE_DS\PlanAhead\lib\win64.o\librdi_runs.dll
0x0000000010130000 - 0x0000000010c08000 	D:\Xilinx\14.7\ISE_DS\PlanAhead\lib\win64.o\librdi_timing.dll
0x000000000a630000 - 0x000000000a69e000 	D:\Xilinx\14.7\ISE_DS\PlanAhead\lib\win64.o\liblmx6.0.dll
0x00000000034f0000 - 0x00000000034f8000 	D:\Xilinx\14.7\ISE_DS\PlanAhead\lib\win64.o\libpsta_dllwrapper.dll
0x0000000010c10000 - 0x00000000113df000 	D:\Xilinx\14.7\ISE_DS\PlanAhead\lib\win64.o\librdi_coregenipxact.dll
0x00000000113e0000 - 0x0000000011b80000 	D:\Xilinx\14.7\ISE_DS\PlanAhead\lib\win64.o\libverific.dll
0x000000000a6a0000 - 0x000000000a71d000 	D:\Xilinx\14.7\ISE_DS\PlanAhead\lib\win64.o\libboost_serialization.dll
0x0000000012290000 - 0x00000000127d4000 	D:\Xilinx\14.7\ISE_DS\PlanAhead\lib\win64.o\librdi_xdm.dll
0x000000000a730000 - 0x000000000a7c0000 	D:\Xilinx\14.7\ISE_DS\PlanAhead\lib\win64.o\libise.dll
0x00000000127e0000 - 0x0000000012dbc000 	D:\Xilinx\14.7\ISE_DS\PlanAhead\lib\win64.o\librdi_abc_nomp.dll
0x000000000a7c0000 - 0x000000000a8e8000 	D:\Xilinx\14.7\ISE_DS\PlanAhead\lib\win64.o\librdi_dlyest.dll
0x000000000fe40000 - 0x000000000fe5a000 	D:\Xilinx\14.7\ISE_DS\PlanAhead\lib\win64.o\librdi_hmetis.dll
0x0000000073d90000 - 0x0000000073da1000 	C:\Windows\WinSxS\amd64_microsoft.vc90.openmp_1fc8b3b9a1e18e3b_9.0.30729.6161_none_390d35aa0a1f21f9\VCOMP90.DLL
0x0000000012dc0000 - 0x00000000133ae000 	D:\Xilinx\14.7\ISE_DS\PlanAhead\lib\win64.o\librdi_route.dll
0x0000000011b80000 - 0x0000000011daa000 	D:\Xilinx\14.7\ISE_DS\PlanAhead\lib\win64.o\librdi_labtools.dll
0x00000000133b0000 - 0x00000000138eb000 	D:\Xilinx\14.7\ISE_DS\PlanAhead\lib\win64.o\librdi_memdata.dll
0x00000000138f0000 - 0x000000001501f000 	D:\Xilinx\14.7\ISE_DS\PlanAhead\lib\win64.o\librdi_synth.dll
0x0000000015020000 - 0x000000001545e000 	D:\Xilinx\14.7\ISE_DS\PlanAhead\lib\win64.o\librdi_ip.dll
0x000000000ff60000 - 0x000000000ff9d000 	D:\Xilinx\14.7\ISE_DS\PlanAhead\lib\win64.o\librdi_simbridge_kernel.dll
0x0000000015460000 - 0x00000000158d6000 	D:\Xilinx\14.7\ISE_DS\PlanAhead\lib\win64.o\librdi_wavedata.dll
0x00000000169e0000 - 0x0000000018a98000 	D:\Xilinx\14.7\ISE_DS\PlanAhead\lib\win64.o\librdi_tcltasks.dll
0x0000000018aa0000 - 0x0000000018d14000 	D:\Xilinx\14.7\ISE_DS\PlanAhead\lib\win64.o\librdi_bitstream.dll
0x0000000018d20000 - 0x0000000018df4000 	D:\Xilinx\14.7\ISE_DS\PlanAhead\lib\win64.o\librdi_dsp.dll
0x0000000018e00000 - 0x0000000018e6e000 	D:\Xilinx\14.7\ISE_DS\PlanAhead\lib\win64.o\librdi_edk.dll
0x0000000018e70000 - 0x000000001907e000 	D:\Xilinx\14.7\ISE_DS\PlanAhead\lib\win64.o\librdi_simdata.dll
0x00000000193c0000 - 0x0000000019516000 	D:\Xilinx\14.7\ISE_DS\PlanAhead\lib\win64.o\librdi_planaheadtasks.dll
0x0000000019530000 - 0x000000001a378000 	D:\Xilinx\14.7\ISE_DS\PlanAhead\lib\win64.o\librdi_ipservicestasks.dll
0x0000000073d80000 - 0x0000000073d8f000 	D:\Xilinx\14.7\ISE_DS\PlanAhead\tps\win64\jre\bin\verify.dll
0x0000000073d50000 - 0x0000000073d78000 	D:\Xilinx\14.7\ISE_DS\PlanAhead\tps\win64\jre\bin\java.dll
0x0000000073d30000 - 0x0000000073d45000 	D:\Xilinx\14.7\ISE_DS\PlanAhead\tps\win64\jre\bin\zip.dll
0x0000000073d10000 - 0x0000000073d29000 	D:\Xilinx\14.7\ISE_DS\PlanAhead\tps\win64\jre\bin\net.dll
0x00007ff840df0000 - 0x00007ff840e48000 	C:\Windows\system32\mswsock.dll
0x0000000072a90000 - 0x0000000072aa1000 	D:\Xilinx\14.7\ISE_DS\PlanAhead\tps\win64\jre\bin\nio.dll
0x0000000027b70000 - 0x0000000027e56000 	D:\Xilinx\14.7\ISE_DS\PlanAhead\lib\win64.o\librdi_fed.dll
0x0000000027e70000 - 0x00000000280d1000 	D:\Xilinx\14.7\ISE_DS\PlanAhead\lib\win64.o\librdi_guitools.dll
0x00000000280f0000 - 0x00000000280f7000 	D:\Xilinx\14.7\ISE_DS\PlanAhead\lib\win64.o\librdi_commonx11.dll
0x0000000028210000 - 0x00000000285fe000 	D:\Xilinx\14.7\ISE_DS\PlanAhead\lib\win64.o\librdi_rsbtasks.dll
0x0000000028710000 - 0x0000000028959000 	D:\Xilinx\14.7\ISE_DS\PlanAhead\lib\win64.o\librdi_labtoolstasks.dll
0x0000000028970000 - 0x0000000028b28000 	D:\Xilinx\14.7\ISE_DS\PlanAhead\lib\win64.o\librdi_simtcltasks.dll
0x00000000728f0000 - 0x0000000072a83000 	D:\Xilinx\14.7\ISE_DS\PlanAhead\tps\win64\jre\bin\awt.dll
0x00007ff840160000 - 0x00007ff8401e8000 	C:\Windows\system32\apphelp.dll
0x00007ff840230000 - 0x00007ff840351000 	C:\Windows\system32\uxtheme.dll

VM Arguments:
jvm_args: -Dsun.java2d.pmoffscreen=false -Xverify:none -Dswing.aatext=true -XX:-UsePerfData -Djdk.map.althashing.threshold=512 -XX:PermSize=128m -XX:MaxPermSize=128m -XX:NewSize=60m -XX:MaxNewSize=60m -XX:+UseConcMarkSweepGC -XX:+UseParNewGC -XX:+CMSParallelRemarkEnabled -XX:+CMSScavengeBeforeRemark -XX:+UseNUMA -XX:+AggressiveOpts -XX:+UseFastAccessorMethods -XX:+UseFastEmptyMethods -XX:+UseBiasedLocking -XX:+TieredCompilation -Xms128m -Xmx2048m -Xss3m 
java_command: <unknown>
Launcher Type: generic

Environment Variables:
PATH=D:/Xilinx/14.7/ISE_DS/PlanAhead/bin;D:/Xilinx/14.7/ISE_DS/PlanAhead/lib/win64.o;D:/Xilinx/14.7/ISE_DS/PlanAhead/tps/win64/jre/bin/server;D:/Xilinx/14.7/ISE_DS/PlanAhead/tps/win64/jre/bin;D:/Xilinx/14.7/ISE_DS/EDK/bin/nt64;D:/Xilinx/14.7/ISE_DS/EDK/lib/nt64;D:/Xilinx/14.7/ISE_DS/ISE/bin/nt64;D:/Xilinx/14.7/ISE_DS/ISE/lib/nt64;D:/Xilinx/14.7/ISE_DS/common/bin/nt64;D:/Xilinx/14.7/ISE_DS/common/lib/nt64;D:\Xilinx\14.7\ISE_DS\ISE\\lib\nt64;D:\Xilinx\14.7\ISE_DS\ISE\\bin\nt64;D:\Xilinx\14.7\ISE_DS\ISE\bin\nt64;D:\Xilinx\14.7\ISE_DS\ISE\lib\nt64;D:\Xilinx\14.7\ISE_DS\ISE\..\..\..\DocNav;D:\Xilinx\14.7\ISE_DS\PlanAhead\bin;D:\Xilinx\14.7\ISE_DS\EDK\bin\nt64;D:\Xilinx\14.7\ISE_DS\EDK\lib\nt64;D:\Xilinx\14.7\ISE_DS\EDK\gnu\microblaze\nt\bin;D:\Xilinx\14.7\ISE_DS\EDK\gnu\powerpc-eabi\nt\bin;D:\Xilinx\14.7\ISE_DS\EDK\gnuwin\bin;D:\Xilinx\14.7\ISE_DS\EDK\gnu\arm\nt\bin;D:\Xilinx\14.7\ISE_DS\EDK\gnu\microblaze\linux_toolchain\nt64_be\bin;D:\Xilinx\14.7\ISE_DS\EDK\gnu\microblaze\linux_toolchain\nt64_le\bin;D:\Xilinx\14.7\ISE_DS\common\bin\nt64;D:\Xilinx\14.7\ISE_DS\common\lib\nt64;C:\Program Files (x86)\NVIDIA Corporation\PhysX\Common;C:\Windows\system32;C:\Windows;C:\Windows\System32\Wbem;C:\Windows\System32\WindowsPowerShell\v1.0\;C:\Program Files (x86)\ATI Technologies\ATI.ACE\Core-Static;C:\Program Files (x86)\AMD\ATI.ACE\Core-Static
USERNAME=A
OS=Windows_NT
PROCESSOR_IDENTIFIER=Intel64 Family 6 Model 42 Stepping 7, GenuineIntel



---------------  S Y S T E M  ---------------

OS: Windows 8 , 64 bit Build 9200 

CPU:total 4 (4 cores per cpu, 1 threads per core) family 6 model 42 stepping 7, cmov, cx8, fxsr, mmx, sse, sse2, sse3, ssse3, sse4.1, sse4.2, popcnt, avx, tsc, tscinvbit

Memory: 4k page, physical 8351696k(4488812k free), swap 16740304k(11422276k free)

vm_info: Java HotSpot(TM) 64-Bit Server VM (23.7-b01) for windows-amd64 JRE (1.7.0_17-b02), built on Mar  1 2013 03:38:30 by "java_re" with unknown MS VC++:1600

time: Tue Feb 17 06:37:13 2015
elapsed time: 7 seconds

